1575994817677	mozrunner::runner	INFO	Running command: "C:\\Program Files\\Mozilla Firefox\\firefox.exe" "-marionette" "-foreground" "-no-remote" "-profile" "C:\\Users\\lygjwy\\AppData\\Local\\Temp\\rust_mozprofileCZDaVD"
1575994818082	addons.webextension.screenshots@mozilla.org	WARN	Loading extension 'screenshots@mozilla.org': Reading manifest: Invalid extension permission: mozillaAddons
1575994818083	addons.webextension.screenshots@mozilla.org	WARN	Loading extension 'screenshots@mozilla.org': Reading manifest: Invalid extension permission: telemetry
1575994818083	addons.webextension.screenshots@mozilla.org	WARN	Loading extension 'screenshots@mozilla.org': Reading manifest: Invalid extension permission: resource://pdf.js/
1575994818083	addons.webextension.screenshots@mozilla.org	WARN	Loading extension 'screenshots@mozilla.org': Reading manifest: Invalid extension permission: about:reader*
JavaScript error: resource://gre/modules/XULStore.jsm, line 66: Error: Can't find profile directory.
WARN: compileToBinary(259): 
C:\fakepath(337,18-133): warning X3571: pow(f, e) will not work for negative f, use abs(f) or conditionally handle negative values if you expect them
C:\fakepath(343,62-116): warning X3571: pow(f, e) will not work for negative f, use abs(f) or conditionally handle negative values if you expect them
C:\fakepath(360,75-84): warning X3556: integer divides may be much slower, try using uints if possible.
C:\fakepath(363,50-59): warning X3556: integer modulus may be much slower, try using uints if possible.
C:\fakepath(383,33-90): warning X3571: pow(f, e) will not work for negative f, use abs(f) or conditionally handle negative values if you expect them
C:\fakepath(174,1-6): warning X4000: use of potentially uninitialized variable (dyn_index_vec4_float4)
C:\fakepath(289,25-29): error X4576: Input array signature parameter  cannot be indexed dynamically.

WARN: compileToBinary(259): 
C:\fakepath(337,18-133): warning X3571: pow(f, e) will not work for negative f, use abs(f) or conditionally handle negative values if you expect them
C:\fakepath(343,62-116): warning X3571: pow(f, e) will not work for negative f, use abs(f) or conditionally handle negative values if you expect them
C:\fakepath(360,75-84): warning X3556: integer divides may be much slower, try using uints if possible.
C:\fakepath(363,50-59): warning X3556: integer modulus may be much slower, try using uints if possible.
C:\fakepath(383,33-90): warning X3571: pow(f, e) will not work for negative f, use abs(f) or conditionally handle negative values if you expect them
C:\fakepath(174,1-6): warning X4000: use of potentially uninitialized variable (dyn_index_vec4_float4)
C:\fakepath(289,25-29): error X4576: Input array signature parameter  cannot be indexed dynamically.

WARN: compileToBinary(259): 
C:\fakepath(360,75-84): warning X3556: integer divides may be much slower, try using uints if possible.
C:\fakepath(363,50-59): warning X3556: integer modulus may be much slower, try using uints if possible.
C:\fakepath(174,1-6): warning X4000: use of potentially uninitialized variable (dyn_index_vec4_float4)
C:\fakepath(225,1): warning X4000: use of potentially uninitialized variable (f_distance_aa)
C:\fakepath(262,1): warning X4000: use of potentially uninitialized variable (f_do_clip)

[Child 9680, Chrome_ChildThread] WARNING: pipe error: 109: file z:/task_1575282935/build/src/ipc/chromium/src/chrome/common/ipc_channel_win.cc, line 341
[Child 9680, Chrome_Chil1575994820456	Marionette	INFO	Listening on port 50708
1575994820791	Marionette	WARN	TLS certificate errors will be ignored for this session
[Parent 12796, Gecko_IOThread] WARNING: pipe error: 109: file z:/task_1575282935/build/src/ipc/chromium/src/chrome/common/ipc_channel_win.cc, line 341
[Child 7732, Chrome_ChildThread] WARNING: pipe error: 109: file z:/task_1575282935/build/src/ipc/chromium/src/chrome/common/ipc_channel_win.cc, line 341
[Child 7732, Chrome_C[Parent 12796, Gecko_IOThread] WARNING: pipe error: 109: file z:/task_1575282935/build/src/ipc/chromium/src/chrome/common/ipc_channel_win.cc, line 341
[Child 6844, Chrome_ChildThread] WARNING: pipe error: 109: file z:/task_1575282935/build/src/ipc/chromium/src/chrome/common/ipc_channel_win.cc, line 341
[Child 6844, Ch1575994870154	Marionette	INFO	Stopped listening on port 50708
[GPU 7852, Chrome_C
###!!! [Child][MessageChannel::SendAndWait] Error: Channel error: cannot send/recv

1575994881986	mozrunner::runner	INFO	Running command: "C:\\Program Files\\Mozilla Firefox\\firefox.exe" "-marionette" "-foreground" "-no-remote" "-profile" "C:\\Users\\lygjwy\\AppData\\Local\\Temp\\rust_mozprofilevEzAig"
1575994882363	addons.webextension.screenshots@mozilla.org	WARN	Loading extension 'screenshots@mozilla.org': Reading manifest: Invalid extension permission: mozillaAddons
1575994882363	addons.webextension.screenshots@mozilla.org	WARN	Loading extension 'screenshots@mozilla.org': Reading manifest: Invalid extension permission: telemetry
1575994882364	addons.webextension.screenshots@mozilla.org	WARN	Loading extension 'screenshots@mozilla.org': Reading manifest: Invalid extension permission: resource://pdf.js/
1575994882364	addons.webextension.screenshots@mozilla.org	WARN	Loading extension 'screenshots@mozilla.org': Reading manifest: Invalid extension permission: about:reader*
JavaScript error: resource://gre/modules/XULStore.jsm, line 66: Error: Can't find profile directory.
WARN: compileToBinary(259): 
C:\fakepath(337,18-133): warning X3571: pow(f, e) will not work for negative f, use abs(f) or conditionally handle negative values if you expect them
C:\fakepath(343,62-116): warning X3571: pow(f, e) will not work for negative f, use abs(f) or conditionally handle negative values if you expect them
C:\fakepath(360,75-84): warning X3556: integer divides may be much slower, try using uints if possible.
C:\fakepath(363,50-59): warning X3556: integer modulus may be much slower, try using uints if possible.
C:\fakepath(383,33-90): warning X3571: pow(f, e) will not work for negative f, use abs(f) or conditionally handle negative values if you expect them
C:\fakepath(174,1-6): warning X4000: use of potentially uninitialized variable (dyn_index_vec4_float4)
C:\fakepath(289,25-29): error X4576: Input array signature parameter  cannot be indexed dynamically.

WARN: compileToBinary(259): 
C:\fakepath(337,18-133): warning X3571: pow(f, e) will not work for negative f, use abs(f) or conditionally handle negative values if you expect them
C:\fakepath(343,62-116): warning X3571: pow(f, e) will not work for negative f, use abs(f) or conditionally handle negative values if you expect them
C:\fakepath(360,75-84): warning X3556: integer divides may be much slower, try using uints if possible.
C:\fakepath(363,50-59): warning X3556: integer modulus may be much slower, try using uints if possible.
C:\fakepath(383,33-90): warning X3571: pow(f, e) will not work for negative f, use abs(f) or conditionally handle negative values if you expect them
C:\fakepath(174,1-6): warning X4000: use of potentially uninitialized variable (dyn_index_vec4_float4)
C:\fakepath(289,25-29): error X4576: Input array signature parameter  cannot be indexed dynamically.

WARN: compileToBinary(259): 
C:\fakepath(360,75-84): warning X3556: integer divides may be much slower, try using uints if possible.
C:\fakepath(363,50-59): warning X3556: integer modulus may be much slower, try using uints if possible.
C:\fakepath(174,1-6): warning X4000: use of potentially uninitialized variable (dyn_index_vec4_float4)
C:\fakepath(225,1): warning X4000: use of potentially uninitialized variable (f_distance_aa)
C:\fakepath(262,1): warning X4000: use of potentially uninitialized variable (f_do_clip)

[Parent 5044, Gecko_IOThread] WARNING: pipe error: 109: file z:/task_1575282935/build/src/ipc/chromium/src/chrome/common/ipc_channel_win.cc, line 341
[Child 17252, Chrome_ChildThread] WARNING: pipe error: 109: file z:/task_1575282935/build/src/ipc/chromium/src/chrome/common/ipc_channel_win.cc, line 341
[Child 17252, Chrome_ChildTh1575994884706	Marionette	INFO	Listening on port 50748
1575994885105	Marionette	WARN	TLS certificate errors will be ignored for this session
JavaScript warning: http://js.mafengwo.net/js/cv/js+Dropdown:js+pageletcommon+pageHeadUserInfoWWWNormal:js+jquery.tmpl:js+M+module+InputListener:js+M+module+SuggestionXHR:js+M+module+DropList:js+M+module+Suggestion:js+M+module+MesSearchEvent:js+SiteSearch:js+AHeader:js+jquery.jplayer:js+M+module+TopTip:js+M+module+dialog+Layer:js+M+module+dialog+DialogBase:js+M+module+dialog+Dialog:js+M+module+dialog+alert:js+M+module+dialog+confirm:js+M+module+ScrollObserver:js+note+PagesCommunication:js+note+ControllerHead:js+home+NewerGuide:js+M+module+Slider:js+note+ControllerRelate:js+note+ControllerRec:js+note+ControllerCatalog:js+jquery.mousewheel.min:js+M+module+ScrollBar:js+M+module+StickyAndStayBlock:js+note+ASideSticky:js+note+ControllerExpand:js+M+module+Storage:js+M+module+ClickToggle:js+EmotionsHd:js+module+app+Page:js+M+module+FrequencyVerifyControl:js+M+module+FrequencyAppVerify:js+Selection:js+EmotionFastDelete:js+M+module+dialog+BindMobileAlert:js+note+GiveSign:js+note+GinfoReply:js+M+module+Caret:js+M+module+HoverTip:js+note+ControllerReply:js+purl:js+M+module+Movearound:js+note+ADetail:js+note+ADetailContent:js+jquery.upnum:js+note+ADetailImageBar:js+jquery.easing.1.3:js+M+module+Toggle:js+M+module+CopyrightProtecte:js+jquery.lazyload:js+common+TextSelectionTip:js+note+ACommon:js+note+anotice:js+note+poiofnote:js+M+module+RollNumbers:js+note+initHlsVideo:js+note+play.video:js+M+module+PowWorker:js+note+NotePoW:js+M+module+PageAdmin:js+M+module+Cookie:js+M+module+ResourceKeeper:js+jquery.jgrowl.min:js+AMessage:js+M+module+FrequencySystemVerify:js+ALogin:js+M+module+QRCode:js+AToolbar:js+ACnzzGaLog%5EYlBURQ%5E1564052076.js, line 45: unreachable code after return statement
JavaScript error: , line 0: NotAllowedError: The play method is not allowed by the user agent or the platform in the current context, possibly because the user denied permission.
[Chi[Child 7236, Chrome_ChildThread] WARNING: pipe error: 109: file z:/task_1575282935/build/src/ipc/chromium/src/chrome/common/ipc_channel_win.cc, line 341
[Child 7236, Chro[Parent 5044, Gecko_IOThread] WARNING: pipe error: 109: file z:/task_1575282935/build/src/ipc/chromium/src/chrome/common/ipc_channel_win.cc, line 341
1575994977087	Marionette	INFO	Stopped listening on port 50748

###!!! [Child][RunMessage] Error: Channel closing: too late to send/recv, messages will be lost

[GPU 12580, Chrome_ChildThread] WAR
###!!! [Child][MessageChannel::SendAndWait] Error: Channel error: cannot send/recv

1575994987547	mozrunner::runner	INFO	Running command: "C:\\Program Files\\Mozilla Firefox\\firefox.exe" "-marionette" "-foreground" "-no-remote" "-profile" "C:\\Users\\lygjwy\\AppData\\Local\\Temp\\rust_mozprofile32BAoG"
1575994987918	addons.webextension.screenshots@mozilla.org	WARN	Loading extension 'screenshots@mozilla.org': Reading manifest: Invalid extension permission: mozillaAddons
1575994987918	addons.webextension.screenshots@mozilla.org	WARN	Loading extension 'screenshots@mozilla.org': Reading manifest: Invalid extension permission: telemetry
1575994987918	addons.webextension.screenshots@mozilla.org	WARN	Loading extension 'screenshots@mozilla.org': Reading manifest: Invalid extension permission: resource://pdf.js/
1575994987918	addons.webextension.screenshots@mozilla.org	WARN	Loading extension 'screenshots@mozilla.org': Reading manifest: Invalid extension permission: about:reader*
JavaScript error: resource://gre/modules/XULStore.jsm, line 66: Error: Can't find profile directory.
WARN: compileToBinary(259): 
C:\fakepath(337,18-133): warning X3571: pow(f, e) will not work for negative f, use abs(f) or conditionally handle negative values if you expect them
C:\fakepath(343,62-116): warning X3571: pow(f, e) will not work for negative f, use abs(f) or conditionally handle negative values if you expect them
C:\fakepath(360,75-84): warning X3556: integer divides may be much slower, try using uints if possible.
C:\fakepath(363,50-59): warning X3556: integer modulus may be much slower, try using uints if possible.
C:\fakepath(383,33-90): warning X3571: pow(f, e) will not work for negative f, use abs(f) or conditionally handle negative values if you expect them
C:\fakepath(174,1-6): warning X4000: use of potentially uninitialized variable (dyn_index_vec4_float4)
C:\fakepath(289,25-29): error X4576: Input array signature parameter  cannot be indexed dynamically.

WARN: compileToBinary(259): 
C:\fakepath(337,18-133): warning X3571: pow(f, e) will not work for negative f, use abs(f) or conditionally handle negative values if you expect them
C:\fakepath(343,62-116): warning X3571: pow(f, e) will not work for negative f, use abs(f) or conditionally handle negative values if you expect them
C:\fakepath(360,75-84): warning X3556: integer divides may be much slower, try using uints if possible.
C:\fakepath(363,50-59): warning X3556: integer modulus may be much slower, try using uints if possible.
C:\fakepath(383,33-90): warning X3571: pow(f, e) will not work for negative f, use abs(f) or conditionally handle negative values if you expect them
C:\fakepath(174,1-6): warning X4000: use of potentially uninitialized variable (dyn_index_vec4_float4)
C:\fakepath(289,25-29): error X4576: Input array signature parameter  cannot be indexed dynamically.

WARN: compileToBinary(259): 
C:\fakepath(360,75-84): warning X3556: integer divides may be much slower, try using uints if possible.
C:\fakepath(363,50-59): warning X3556: integer modulus may be much slower, try using uints if possible.
C:\fakepath(174,1-6): warning X4000: use of potentially uninitialized variable (dyn_index_vec4_float4)
C:\fakepath(225,1): warning X4000: use of potentially uninitialized variable (f_distance_aa)
C:\fakepath(262,1): warning X4000: use of potentially uninitialized variable (f_do_clip)

[Parent 4560, Gecko_IOThread] WARNING: pipe error: 109: file z:/task_1575282935/build/src/ipc/chromium/src/chrome/common/ipc_channel_win.cc, line 341
1575994990182	Marionette	INFO	Listening on port 50925
1575994990667	Marionette	WARN	TLS certificate errors will be ignored for this session
JavaScript warning: http://js.mafengwo.net/js/cv/js+Dropdown:js+pageletcommon+pageHeadUserInfoWWWNormal:js+jquery.tmpl:js+M+module+InputListener:js+M+module+SuggestionXHR:js+M+module+DropList:js+M+module+Suggestion:js+M+module+MesSearchEvent:js+SiteSearch:js+AHeader:js+jquery.jplayer:js+M+module+TopTip:js+M+module+dialog+Layer:js+M+module+dialog+DialogBase:js+M+module+dialog+Dialog:js+M+module+dialog+alert:js+M+module+dialog+confirm:js+M+module+ScrollObserver:js+note+PagesCommunication:js+note+ControllerHead:js+home+NewerGuide:js+M+module+Slider:js+note+ControllerRelate:js+note+ControllerRec:js+note+ControllerCatalog:js+jquery.mousewheel.min:js+M+module+ScrollBar:js+M+module+StickyAndStayBlock:js+note+ASideSticky:js+note+ControllerExpand:js+M+module+Storage:js+M+module+ClickToggle:js+EmotionsHd:js+module+app+Page:js+M+module+FrequencyVerifyControl:js+M+module+FrequencyAppVerify:js+Selection:js+EmotionFastDelete:js+M+module+dialog+BindMobileAlert:js+note+GiveSign:js+note+GinfoReply:js+M+module+Caret:js+M+module+HoverTip:js+note+ControllerReply:js+purl:js+M+module+Movearound:js+note+ADetail:js+note+ADetailContent:js+jquery.upnum:js+note+ADetailImageBar:js+jquery.easing.1.3:js+M+module+Toggle:js+M+module+CopyrightProtecte:js+jquery.lazyload:js+common+TextSelectionTip:js+note+ACommon:js+note+anotice:js+note+poiofnote:js+M+module+RollNumbers:js+note+initHlsVideo:js+note+play.video:js+M+module+PowWorker:js+note+NotePoW:js+M+module+PageAdmin:js+M+module+Cookie:js+M+module+ResourceKeeper:js+jquery.jgrowl.min:js+AMessage:js+M+module+FrequencySystemVerify:js+ALogin:js+M+module+QRCode:js+AToolbar:js+ACnzzGaLog%5EYlBURQ%5E1564052076.js, line 45: unreachable code after return statement
JavaScript error: , line 0: NotAllowedError: The play method is not allowed by the user agent or the platform in the current context, possibly because the user denied permission.
[Parent 4560, Gecko_IOThread] WARNING: pipe error: 109: file z:/task_1575282935/build/src/ipc/chromium/src/chrome/common/ipc_channel_win.cc, line 341
[Parent 4560, Gecko_IOThread] WARNING: pipe error: 109: file z:/task_1575282935/build/src/ipc/chromium/src/chrome/common/ipc_channel_win.cc, line 341
[Parent 4560, Gecko_IOThread] WARNING: pipe error: 109: file z:/task_1575282935/build/src/ipc/chromium/src/chrome/common/ipc_channel_win.cc, line 341
[Parent 4560, Gecko_IOThread] WARNING: pipe error: 109: file z:/task_1575282935/build/src/ipc/chromium/src/chrome/common/ipc_channel_win.cc, line 341
[Child 8424, Chrome_ChildThread] WARNING: pipe error: 109: file z:/task_1575282935/build/src/ipc/chromium/src/chrome/common/ipc_channel_win.cc, line 341
[Child 8424, Chrome_ChildThre[Parent 4560, Gecko_IOThread] WARNING: pipe error: 109: file z:/task_1575282935/build/src/ipc/chromium/src/chrome/common/ipc_channel_win.cc, line 341
1575995096529	Marionette	INFO	Stopped listening on port 50925
[GPU 3012, Chrome_ChildThr
###!!! [Child][MessageChannel::SendAndWait] Error: Channel error: cannot send/recv

